C:\USERS\LINUS_000\DOCUMENTS\GITHUB\COMPOVIEWER\COMPOVIEWER\RELEASE\TRANSITIONS.OBJ
C:\USERS\LINUS_000\DOCUMENTS\GITHUB\COMPOVIEWER\COMPOVIEWER\RELEASE\SHADERS.OBJ
C:\USERS\LINUS_000\DOCUMENTS\GITHUB\COMPOVIEWER\COMPOVIEWER\RELEASE\TEXTURE.OBJ
C:\USERS\LINUS_000\DOCUMENTS\GITHUB\COMPOVIEWER\COMPOVIEWER\RELEASE\RENDERER.OBJ
C:\USERS\LINUS_000\DOCUMENTS\GITHUB\COMPOVIEWER\COMPOVIEWER\RELEASE\LODEPNG.OBJ
C:\USERS\LINUS_000\DOCUMENTS\GITHUB\COMPOVIEWER\COMPOVIEWER\RELEASE\JSONVALUE.OBJ
C:\USERS\LINUS_000\DOCUMENTS\GITHUB\COMPOVIEWER\COMPOVIEWER\RELEASE\JSON.OBJ
C:\USERS\LINUS_000\DOCUMENTS\GITHUB\COMPOVIEWER\COMPOVIEWER\RELEASE\FONTSTASH.OBJ
C:\USERS\LINUS_000\DOCUMENTS\GITHUB\COMPOVIEWER\COMPOVIEWER\RELEASE\CORE.OBJ
C:\USERS\LINUS_000\DOCUMENTS\GITHUB\COMPOVIEWER\COMPOVIEWER\RELEASE\COMPOVIEWER.OBJ
C:\USERS\LINUS_000\DOCUMENTS\GITHUB\COMPOVIEWER\COMPOVIEWER\RELEASE\BUFFERS.OBJ
C:\USERS\LINUS_000\DOCUMENTS\GITHUB\COMPOVIEWER\COMPOVIEWER\RELEASE\VC110.PDB
C:\USERS\LINUS_000\DOCUMENTS\GITHUB\COMPOVIEWER\RELEASE\COMPOVIEWER.EXE
C:\USERS\LINUS_000\DOCUMENTS\GITHUB\COMPOVIEWER\RELEASE\COMPOVIEWER.PDB
C:\Users\linus_000\Documents\GitHub\compoviewer\compoviewer\Release\buffers.obj
C:\Users\linus_000\Documents\GitHub\compoviewer\compoviewer\Release\compoviewer.obj
C:\Users\linus_000\Documents\GitHub\compoviewer\compoviewer\Release\core.obj
C:\Users\linus_000\Documents\GitHub\compoviewer\compoviewer\Release\fontstash.obj
C:\Users\linus_000\Documents\GitHub\compoviewer\compoviewer\Release\JSON.obj
C:\Users\linus_000\Documents\GitHub\compoviewer\compoviewer\Release\JSONValue.obj
C:\Users\linus_000\Documents\GitHub\compoviewer\compoviewer\Release\lodepng.obj
C:\Users\linus_000\Documents\GitHub\compoviewer\compoviewer\Release\renderer.obj
C:\Users\linus_000\Documents\GitHub\compoviewer\compoviewer\Release\shaders.obj
C:\Users\linus_000\Documents\GitHub\compoviewer\compoviewer\Release\texture.obj
C:\Users\linus_000\Documents\GitHub\compoviewer\compoviewer\Release\transitions.obj
C:\Users\linus_000\Documents\GitHub\compoviewer\compoviewer\Release\cl.command.1.tlog
C:\Users\linus_000\Documents\GitHub\compoviewer\compoviewer\Release\CL.read.1.tlog
C:\Users\linus_000\Documents\GitHub\compoviewer\compoviewer\Release\CL.write.1.tlog
C:\Users\linus_000\Documents\GitHub\compoviewer\compoviewer\Release\link-cvtres.read.1.tlog
C:\Users\linus_000\Documents\GitHub\compoviewer\compoviewer\Release\link-cvtres.write.1.tlog
C:\Users\linus_000\Documents\GitHub\compoviewer\compoviewer\Release\link-rc.read.1.tlog
C:\Users\linus_000\Documents\GitHub\compoviewer\compoviewer\Release\link-rc.write.1.tlog
C:\Users\linus_000\Documents\GitHub\compoviewer\compoviewer\Release\link.command.1.tlog
C:\Users\linus_000\Documents\GitHub\compoviewer\compoviewer\Release\link.read.1.tlog
C:\Users\linus_000\Documents\GitHub\compoviewer\compoviewer\Release\link.write.1.tlog
C:\Users\linus_000\Documents\GitHub\compoviewer\compoviewer\Release\vc110.pdb
C:\Users\linus_000\Documents\GitHub\compoviewer\Release\compoviewer.pdb
C:\Users\linus_000\Documents\GitHub\compoviewer\Release\compoviewer.exe
