Build started 2013-11-29 02:11:13.
     1>Project "C:\Users\linus_000\Documents\GitHub\compoviewer\compoviewer\compoviewer.vcxproj" on node 2 (Build target(s)).
     1>ClCompile:
         C:\Program Files (x86)\Microsoft Visual Studio 11.0\VC\bin\CL.exe /c /Ideps/include /Zi /nologo /W3 /WX- /O2 /Oi /Oy- /GL /D WIN32 /D NDEBUG /D _CONSOLE /D _UNICODE /D UNICODE /Gm- /EHsc /MD /GS /Gy /fp:precise /Zc:wchar_t /Zc:forScope /Fo"Release\\" /Fd"Release\vc110.pdb" /Gd /TP /analyze- /errorReport:prompt transitions.cpp
         transitions.cpp
       Link:
         C:\Program Files (x86)\Microsoft Visual Studio 11.0\VC\bin\link.exe /ERRORREPORT:PROMPT /OUT:"C:\Users\linus_000\Documents\GitHub\compoviewer\Release\compoviewer.exe" /INCREMENTAL:NO /NOLOGO kernel32.lib user32.lib gdi32.lib winspool.lib comdlg32.lib advapi32.lib shell32.lib ole32.lib oleaut32.lib uuid.lib odbc32.lib odbccp32.lib /MANIFEST /MANIFESTUAC:"level='asInvoker' uiAccess='false'" /manifest:embed /DEBUG /PDB:"C:\Users\linus_000\Documents\GitHub\compoviewer\Release\compoviewer.pdb" /SUBSYSTEM:CONSOLE /OPT:REF /OPT:ICF /LTCG /TLBID:1 /DYNAMICBASE /NXCOMPAT /IMPLIB:"C:\Users\linus_000\Documents\GitHub\compoviewer\Release\compoviewer.lib" /MACHINE:X86 /SAFESEH:NO Release\buffers.obj
         Release\compoviewer.obj
         Release\core.obj
         Release\fontstash.obj
         Release\JSON.obj
         Release\JSONValue.obj
         Release\lodepng.obj
         Release\renderer.obj
         Release\texture.obj
         Release\shaders.obj
         Release\transitions.obj
         Generating code
         Finished generating code
     1>glew32s.lib(glew.obj) : warning LNK4099: PDB 'vc110.pdb' was not found with 'glew32s.lib(glew.obj)' or at 'C:\Users\linus_000\Documents\GitHub\compoviewer\Release\vc110.pdb'; linking object as if no debug info
         compoviewer.vcxproj -> C:\Users\linus_000\Documents\GitHub\compoviewer\Release\compoviewer.exe
     1>Done Building Project "C:\Users\linus_000\Documents\GitHub\compoviewer\compoviewer\compoviewer.vcxproj" (Build target(s)).

Build succeeded.

Time Elapsed 00:00:03.12
