C:\USERS\LINUS_000\DOCUMENTS\GITHUB\COMPOVIEWER\COMPOVIEWER\DEBUG\BUFFERS.OBJ
C:\USERS\LINUS_000\DOCUMENTS\GITHUB\COMPOVIEWER\COMPOVIEWER\DEBUG\COMPOVIEWER.OBJ
C:\USERS\LINUS_000\DOCUMENTS\GITHUB\COMPOVIEWER\COMPOVIEWER\DEBUG\CORE.OBJ
C:\USERS\LINUS_000\DOCUMENTS\GITHUB\COMPOVIEWER\COMPOVIEWER\DEBUG\FONTSTASH.OBJ
C:\USERS\LINUS_000\DOCUMENTS\GITHUB\COMPOVIEWER\COMPOVIEWER\DEBUG\JSON.OBJ
C:\USERS\LINUS_000\DOCUMENTS\GITHUB\COMPOVIEWER\COMPOVIEWER\DEBUG\JSONVALUE.OBJ
C:\USERS\LINUS_000\DOCUMENTS\GITHUB\COMPOVIEWER\COMPOVIEWER\DEBUG\LODEPNG.OBJ
C:\USERS\LINUS_000\DOCUMENTS\GITHUB\COMPOVIEWER\COMPOVIEWER\DEBUG\RENDERER.OBJ
C:\USERS\LINUS_000\DOCUMENTS\GITHUB\COMPOVIEWER\COMPOVIEWER\DEBUG\TEXTURE.OBJ
C:\USERS\LINUS_000\DOCUMENTS\GITHUB\COMPOVIEWER\COMPOVIEWER\DEBUG\SHADERS.OBJ
C:\USERS\LINUS_000\DOCUMENTS\GITHUB\COMPOVIEWER\COMPOVIEWER\DEBUG\TRANSITIONS.OBJ
C:\USERS\LINUS_000\DOCUMENTS\GITHUB\COMPOVIEWER\COMPOVIEWER\DEBUG\VC110.PDB
C:\USERS\LINUS_000\DOCUMENTS\GITHUB\COMPOVIEWER\DEBUG\COMPOVIEWER.ILK
C:\USERS\LINUS_000\DOCUMENTS\GITHUB\COMPOVIEWER\DEBUG\COMPOVIEWER.EXE
C:\USERS\LINUS_000\DOCUMENTS\GITHUB\COMPOVIEWER\DEBUG\COMPOVIEWER.PDB
C:\Users\linus_000\Documents\GitHub\compoviewer\compoviewer\Debug\buffers.obj
C:\Users\linus_000\Documents\GitHub\compoviewer\compoviewer\Debug\compoviewer.obj
C:\Users\linus_000\Documents\GitHub\compoviewer\compoviewer\Debug\core.obj
C:\Users\linus_000\Documents\GitHub\compoviewer\compoviewer\Debug\fontstash.obj
C:\Users\linus_000\Documents\GitHub\compoviewer\compoviewer\Debug\JSON.obj
C:\Users\linus_000\Documents\GitHub\compoviewer\compoviewer\Debug\JSONValue.obj
C:\Users\linus_000\Documents\GitHub\compoviewer\compoviewer\Debug\lodepng.obj
C:\Users\linus_000\Documents\GitHub\compoviewer\compoviewer\Debug\renderer.obj
C:\Users\linus_000\Documents\GitHub\compoviewer\compoviewer\Debug\shaders.obj
C:\Users\linus_000\Documents\GitHub\compoviewer\compoviewer\Debug\texture.obj
C:\Users\linus_000\Documents\GitHub\compoviewer\compoviewer\Debug\transitions.obj
C:\Users\linus_000\Documents\GitHub\compoviewer\compoviewer\Debug\cl.command.1.tlog
C:\Users\linus_000\Documents\GitHub\compoviewer\compoviewer\Debug\CL.read.1.tlog
C:\Users\linus_000\Documents\GitHub\compoviewer\compoviewer\Debug\CL.write.1.tlog
C:\Users\linus_000\Documents\GitHub\compoviewer\compoviewer\Debug\link-cvtres.read.1.tlog
C:\Users\linus_000\Documents\GitHub\compoviewer\compoviewer\Debug\link-cvtres.write.1.tlog
C:\Users\linus_000\Documents\GitHub\compoviewer\compoviewer\Debug\link-rc.read.1.tlog
C:\Users\linus_000\Documents\GitHub\compoviewer\compoviewer\Debug\link-rc.write.1.tlog
C:\Users\linus_000\Documents\GitHub\compoviewer\compoviewer\Debug\link.4528-cvtres.read.1.tlog
C:\Users\linus_000\Documents\GitHub\compoviewer\compoviewer\Debug\link.4528-cvtres.write.1.tlog
C:\Users\linus_000\Documents\GitHub\compoviewer\compoviewer\Debug\link.4528-rc.read.1.tlog
C:\Users\linus_000\Documents\GitHub\compoviewer\compoviewer\Debug\link.4528-rc.write.1.tlog
C:\Users\linus_000\Documents\GitHub\compoviewer\compoviewer\Debug\link.4528.read.1.tlog
C:\Users\linus_000\Documents\GitHub\compoviewer\compoviewer\Debug\link.4528.read.2.tlog
C:\Users\linus_000\Documents\GitHub\compoviewer\compoviewer\Debug\link.4528.write.1.tlog
C:\Users\linus_000\Documents\GitHub\compoviewer\compoviewer\Debug\link.command.1.tlog
C:\Users\linus_000\Documents\GitHub\compoviewer\compoviewer\Debug\link.read.1.tlog
C:\Users\linus_000\Documents\GitHub\compoviewer\compoviewer\Debug\link.read.2.tlog
C:\Users\linus_000\Documents\GitHub\compoviewer\compoviewer\Debug\link.write.1.tlog
C:\Users\linus_000\Documents\GitHub\compoviewer\compoviewer\Debug\vc110.idb
C:\Users\linus_000\Documents\GitHub\compoviewer\compoviewer\Debug\vc110.pdb
C:\Users\linus_000\Documents\GitHub\compoviewer\Debug\compoviewer.pdb
C:\Users\linus_000\Documents\GitHub\compoviewer\Debug\compoviewer.exe
C:\Users\linus_000\Documents\GitHub\compoviewer\Debug\compoviewer.ilk
